2021-10-08 10:26:15.115 [main] INFO  com.example.ledControl.LedControlApplicationTests[55] - Starting LedControlApplicationTests using Java 1.8.0_271 on DESKTOP-IFC2350 with PID 22368 (started by Think in F:\javaprojects\ledControl)
2021-10-08 10:26:15.163 [main] INFO  com.example.ledControl.LedControlApplicationTests[660] - No active profile set, falling back to default profiles: default
2021-10-08 10:26:16.709 [main] INFO  o.s.scheduling.concurrent.ThreadPoolTaskExecutor[181] - Initializing ExecutorService 'applicationTaskExecutor'
2021-10-08 10:26:18.077 [main] INFO  o.s.scheduling.concurrent.ThreadPoolTaskScheduler[181] - Initializing ExecutorService 'taskScheduler'
2021-10-08 10:26:18.142 [main] INFO  com.example.ledControl.LedControlApplicationTests[61] - Started LedControlApplicationTests in 3.724 seconds (JVM running for 5.873)
2021-10-08 10:26:19.060 [main] INFO  com.example.ledControl.model.service.MqttService[75] - mqtt info :MqttService(asyncService=org.springframework.scheduling.concurrent.ThreadPoolTaskExecutor@29f0802c, ReceiveService=com.example.ledControl.model.service.ReceiveService@3bc735b3, host=tcp://mqtt.weiotchina.cn:1883, clientid=ledControld6f67018-2e3c-4b59-a41e-27365130a280, topicPushHeartbeaTopic=null, userName=gg, passWord=guogang123, topicHeartbeat=heartbeat, receive=mqtt/site/face/#, receive1=car/300000000000060023, receivepost=/weiotchina/msg/receive/v1/, client=null, options=
============== Connection options ==============
CleanSession                :  true
SocketFactory               :  null
MqttVersion                 :  0
KeepAliveInterval           :  60
ConTimeout                  :  30
UserName                    :  null
SSLProperties               :  null
WillDestination             :  null
==========================================
, isConnecting=false)
2021-10-08 10:26:20.550 [MQTT Call: ledControld6f67018-2e3c-4b59-a41e-27365130a280] INFO  com.example.ledControl.model.service.MqttService[136] - mqtt 己连接
2021-10-08 10:26:20.587 [MQTT Call: ledControld6f67018-2e3c-4b59-a41e-27365130a280] INFO  com.example.ledControl.model.service.MqttService[141] - mqtt 己订阅主题: mqtt/site/face/# car/300000000000060023 /weiotchina/msg/receive/v1/300000000000060023
2021-10-08 10:26:21.046 [SpringContextShutdownHook] INFO  o.s.scheduling.concurrent.ThreadPoolTaskScheduler[218] - Shutting down ExecutorService 'taskScheduler'
2021-10-08 10:26:21.058 [SpringContextShutdownHook] INFO  o.s.scheduling.concurrent.ThreadPoolTaskExecutor[218] - Shutting down ExecutorService 'applicationTaskExecutor'
